Build started 18.02.2013 15:16:59.
     1>Project "C:\Users\N4TT\documents\visual studio 2012\Projects\LevelSet\LevelSet\LevelSet.vcxproj" on node 2 (Build target(s)).
     1>ClCompile:
         C:\Program Files (x86)\Microsoft Visual Studio 11.0\VC\bin\CL.exe /c /Zi /nologo /W3 /WX- /O2 /Oi /Oy- /GL /D _MBCS /Gm- /EHsc /MD /GS /Gy /fp:precise /Zc:wchar_t /Zc:forScope /Fo"Release\\" /Fd"Release\vc110.pdb" /Gd /TP /analyze- /errorReport:prompt main.cpp update.cpp
         main.cpp
     1>c:\users\n4tt\documents\visual studio 2012\projects\levelset\levelset\main.h(10): error C2143: syntax error : missing ';' before '<'
     1>c:\users\n4tt\documents\visual studio 2012\projects\levelset\levelset\main.h(10): error C4430: missing type specifier - int assumed. Note: C++ does not support default-int
     1>c:\users\n4tt\documents\visual studio 2012\projects\levelset\levelset\main.h(11): error C2143: syntax error : missing ';' before '<'
     1>c:\users\n4tt\documents\visual studio 2012\projects\levelset\levelset\main.h(11): error C4430: missing type specifier - int assumed. Note: C++ does not support default-int
     1>c:\users\n4tt\documents\visual studio 2012\projects\levelset\levelset\main.h(11): error C2086: 'int vector' : redefinition
                 c:\users\n4tt\documents\visual studio 2012\projects\levelset\levelset\main.h(10) : see declaration of 'vector'
     1>c:\users\n4tt\documents\visual studio 2012\projects\levelset\levelset\main.h(12): error C2143: syntax error : missing ';' before '<'
     1>c:\users\n4tt\documents\visual studio 2012\projects\levelset\levelset\main.h(12): error C4430: missing type specifier - int assumed. Note: C++ does not support default-int
     1>c:\users\n4tt\documents\visual studio 2012\projects\levelset\levelset\main.h(12): error C2086: 'int vector' : redefinition
                 c:\users\n4tt\documents\visual studio 2012\projects\levelset\levelset\main.h(10) : see declaration of 'vector'
     1>c:\users\n4tt\documents\visual studio 2012\projects\levelset\levelset\main.h(13): error C2143: syntax error : missing ';' before '<'
     1>c:\users\n4tt\documents\visual studio 2012\projects\levelset\levelset\main.h(13): error C4430: missing type specifier - int assumed. Note: C++ does not support default-int
     1>c:\users\n4tt\documents\visual studio 2012\projects\levelset\levelset\main.h(13): error C2086: 'int vector' : redefinition
                 c:\users\n4tt\documents\visual studio 2012\projects\levelset\levelset\main.h(10) : see declaration of 'vector'
     1>c:\users\n4tt\documents\visual studio 2012\projects\levelset\levelset\main.h(14): error C2143: syntax error : missing ';' before '<'
     1>c:\users\n4tt\documents\visual studio 2012\projects\levelset\levelset\main.h(14): error C4430: missing type specifier - int assumed. Note: C++ does not support default-int
     1>c:\users\n4tt\documents\visual studio 2012\projects\levelset\levelset\main.h(14): error C2086: 'int vector' : redefinition
                 c:\users\n4tt\documents\visual studio 2012\projects\levelset\levelset\main.h(10) : see declaration of 'vector'
     1>main.cpp(43): error C2065: 'lp1' : undeclared identifier
     1>main.cpp(43): error C2228: left of '.push_back' must have class/struct/union
                 type is ''unknown-type''
     1>main.cpp(44): error C2065: 'lp1' : undeclared identifier
     1>main.cpp(44): error C2228: left of '.push_back' must have class/struct/union
                 type is ''unknown-type''
     1>main.cpp(48): error C2065: 'lp2' : undeclared identifier
     1>main.cpp(48): error C2228: left of '.push_back' must have class/struct/union
                 type is ''unknown-type''
     1>main.cpp(49): error C2065: 'lp2' : undeclared identifier
     1>main.cpp(49): error C2228: left of '.push_back' must have class/struct/union
                 type is ''unknown-type''
     1>main.cpp(53): error C2065: 'ln1' : undeclared identifier
     1>main.cpp(53): error C2228: left of '.push_back' must have class/struct/union
                 type is ''unknown-type''
     1>main.cpp(54): error C2065: 'ln1' : undeclared identifier
     1>main.cpp(54): error C2228: left of '.push_back' must have class/struct/union
                 type is ''unknown-type''
     1>main.cpp(58): error C2065: 'ln2' : undeclared identifier
     1>main.cpp(58): error C2228: left of '.push_back' must have class/struct/union
                 type is ''unknown-type''
     1>main.cpp(59): error C2065: 'ln2' : undeclared identifier
     1>main.cpp(59): error C2228: left of '.push_back' must have class/struct/union
                 type is ''unknown-type''
     1>main.cpp(109): error C2065: 'lz' : undeclared identifier
     1>main.cpp(109): error C2228: left of '.push_back' must have class/struct/union
                 type is ''unknown-type''
     1>main.cpp(110): error C2065: 'lz' : undeclared identifier
     1>main.cpp(110): error C2228: left of '.push_back' must have class/struct/union
                 type is ''unknown-type''
     1>main.cpp(116): error C2065: 'lz' : undeclared identifier
     1>main.cpp(116): error C2228: left of '.size' must have class/struct/union
                 type is ''unknown-type''
     1>main.cpp(117): error C2065: 'lz' : undeclared identifier
     1>main.cpp(119): error C2065: 'lp1' : undeclared identifier
     1>main.cpp(119): error C2228: left of '.size' must have class/struct/union
                 type is ''unknown-type''
     1>main.cpp(120): error C2065: 'lp1' : undeclared identifier
     1>main.cpp(122): error C2065: 'ln1' : undeclared identifier
     1>main.cpp(122): error C2228: left of '.size' must have class/struct/union
                 type is ''unknown-type''
     1>main.cpp(123): error C2065: 'ln1' : undeclared identifier
         update.cpp
     1>c:\users\n4tt\documents\visual studio 2012\projects\levelset\levelset\main.h(10): error C2143: syntax error : missing ';' before '<'
     1>c:\users\n4tt\documents\visual studio 2012\projects\levelset\levelset\main.h(10): error C4430: missing type specifier - int assumed. Note: C++ does not support default-int
     1>c:\users\n4tt\documents\visual studio 2012\projects\levelset\levelset\main.h(11): error C2143: syntax error : missing ';' before '<'
     1>c:\users\n4tt\documents\visual studio 2012\projects\levelset\levelset\main.h(11): error C4430: missing type specifier - int assumed. Note: C++ does not support default-int
     1>c:\users\n4tt\documents\visual studio 2012\projects\levelset\levelset\main.h(11): error C2086: 'int vector' : redefinition
                 c:\users\n4tt\documents\visual studio 2012\projects\levelset\levelset\main.h(10) : see declaration of 'vector'
     1>c:\users\n4tt\documents\visual studio 2012\projects\levelset\levelset\main.h(12): error C2143: syntax error : missing ';' before '<'
     1>c:\users\n4tt\documents\visual studio 2012\projects\levelset\levelset\main.h(12): error C4430: missing type specifier - int assumed. Note: C++ does not support default-int
     1>c:\users\n4tt\documents\visual studio 2012\projects\levelset\levelset\main.h(12): error C2086: 'int vector' : redefinition
                 c:\users\n4tt\documents\visual studio 2012\projects\levelset\levelset\main.h(10) : see declaration of 'vector'
     1>c:\users\n4tt\documents\visual studio 2012\projects\levelset\levelset\main.h(13): error C2143: syntax error : missing ';' before '<'
     1>c:\users\n4tt\documents\visual studio 2012\projects\levelset\levelset\main.h(13): error C4430: missing type specifier - int assumed. Note: C++ does not support default-int
     1>c:\users\n4tt\documents\visual studio 2012\projects\levelset\levelset\main.h(13): error C2086: 'int vector' : redefinition
                 c:\users\n4tt\documents\visual studio 2012\projects\levelset\levelset\main.h(10) : see declaration of 'vector'
     1>c:\users\n4tt\documents\visual studio 2012\projects\levelset\levelset\main.h(14): error C2143: syntax error : missing ';' before '<'
     1>c:\users\n4tt\documents\visual studio 2012\projects\levelset\levelset\main.h(14): error C4430: missing type specifier - int assumed. Note: C++ does not support default-int
     1>c:\users\n4tt\documents\visual studio 2012\projects\levelset\levelset\main.h(14): error C2086: 'int vector' : redefinition
                 c:\users\n4tt\documents\visual studio 2012\projects\levelset\levelset\main.h(10) : see declaration of 'vector'
     1>Done Building Project "C:\Users\N4TT\documents\visual studio 2012\Projects\LevelSet\LevelSet\LevelSet.vcxproj" (Build target(s)) -- FAILED.

Build FAILED.

Time Elapsed 00:00:00.70
